2026-01-14 15:28:09.084816 [info]: deal with the client(127.0.0.1)
2026-01-14 15:28:09.084981 [info]: adjust timer once
2026-01-14 15:28:09.085013 [info]: GET / HTTP/1.1
2026-01-14 15:28:09.085028 [info]: Host: localhost:8806
2026-01-14 15:28:09.085030 [info]: Connection: keep-alive
2026-01-14 15:28:09.085032 [info]: Cache-Control: max-age=0
2026-01-14 15:28:09.085033 [info]: oop!unknow header: Cache-Control: max-age=0
2026-01-14 15:28:09.085035 [info]: sec-ch-ua: "Google Chrome";v="143", "Chromium";v="143", "Not A(Brand";v="24"
2026-01-14 15:28:09.085036 [info]: oop!unknow header: sec-ch-ua: "Google Chrome";v="143", "Chromium";v="143", "Not A(Brand";v="24"
2026-01-14 15:28:09.085038 [info]: sec-ch-ua-mobile: ?0
2026-01-14 15:28:09.085039 [info]: oop!unknow header: sec-ch-ua-mobile: ?0
2026-01-14 15:28:09.085041 [info]: sec-ch-ua-platform: "Windows"
2026-01-14 15:28:09.085042 [info]: oop!unknow header: sec-ch-ua-platform: "Windows"
2026-01-14 15:28:09.085044 [info]: Upgrade-Insecure-Requests: 1
2026-01-14 15:28:09.085045 [info]: oop!unknow header: Upgrade-Insecure-Requests: 1
2026-01-14 15:28:09.085047 [info]: User-Agent: Mozilla/5.0 (Windows NT 10.0; Win64; x64) AppleWebKit/537.36 (KHTML, like Gecko) Chrome/143.0.0.0 Safari/537.36
2026-01-14 15:28:09.085048 [info]: oop!unknow header: User-Agent: Mozilla/5.0 (Windows NT 10.0; Win64; x64) AppleWebKit/537.36 (KHTML, like Gecko) Chrome/143.0.0.0 Safari/537.36
2026-01-14 15:28:09.085050 [info]: Accept: text/html,application/xhtml+xml,application/xml;q=0.9,image/avif,image/webp,image/apng,*/*;q=0.8,application/signed-exchange;v=b3;q=0.7
2026-01-14 15:28:09.085051 [info]: oop!unknow header: Accept: text/html,application/xhtml+xml,application/xml;q=0.9,image/avif,image/webp,image/apng,*/*;q=0.8,application/signed-exchange;v=b3;q=0.7
2026-01-14 15:28:09.085054 [info]: Sec-Fetch-Site: cross-site
2026-01-14 15:28:09.085056 [info]: oop!unknow header: Sec-Fetch-Site: cross-site
2026-01-14 15:28:09.085057 [info]: Sec-Fetch-Mode: navigate
2026-01-14 15:28:09.085059 [info]: oop!unknow header: Sec-Fetch-Mode: navigate
2026-01-14 15:28:09.085060 [info]: Sec-Fetch-User: ?1
2026-01-14 15:28:09.085061 [info]: oop!unknow header: Sec-Fetch-User: ?1
2026-01-14 15:28:09.085063 [info]: Sec-Fetch-Dest: document
2026-01-14 15:28:09.085064 [info]: oop!unknow header: Sec-Fetch-Dest: document
2026-01-14 15:28:09.085066 [info]: Accept-Encoding: gzip, deflate, br, zstd
2026-01-14 15:28:09.085067 [info]: oop!unknow header: Accept-Encoding: gzip, deflate, br, zstd
2026-01-14 15:28:09.085070 [info]: Accept-Language: zh-CN,zh;q=0.9
2026-01-14 15:28:09.085071 [info]: oop!unknow header: Accept-Language: zh-CN,zh;q=0.9
2026-01-14 15:28:09.085072 [info]: 
2026-01-14 15:28:09.085156 [info]: request:HTTP/1.1 200 OK

2026-01-14 15:28:09.085161 [info]: request:HTTP/1.1 200 OK
Content-Length:586

2026-01-14 15:28:09.085162 [info]: request:HTTP/1.1 200 OK
Content-Length:586
Connection:keep-alive

2026-01-14 15:28:09.085164 [info]: request:HTTP/1.1 200 OK
Content-Length:586
Connection:keep-alive


2026-01-14 15:28:09.085242 [info]: send data to the client(127.0.0.1)
2026-01-14 15:28:09.085247 [info]: adjust timer once
2026-01-14 15:28:09.105999 [info]: deal with the client(127.0.0.1)
2026-01-14 15:28:09.106057 [info]: adjust timer once
2026-01-14 15:28:09.106108 [info]: GET /favicon.ico HTTP/1.1
2026-01-14 15:28:09.106128 [info]: Host: localhost:8806
2026-01-14 15:28:09.106131 [info]: Connection: keep-alive
2026-01-14 15:28:09.106132 [info]: sec-ch-ua-platform: "Windows"
2026-01-14 15:28:09.106134 [info]: oop!unknow header: sec-ch-ua-platform: "Windows"
2026-01-14 15:28:09.106136 [info]: User-Agent: Mozilla/5.0 (Windows NT 10.0; Win64; x64) AppleWebKit/537.36 (KHTML, like Gecko) Chrome/143.0.0.0 Safari/537.36
2026-01-14 15:28:09.106138 [info]: oop!unknow header: User-Agent: Mozilla/5.0 (Windows NT 10.0; Win64; x64) AppleWebKit/537.36 (KHTML, like Gecko) Chrome/143.0.0.0 Safari/537.36
2026-01-14 15:28:09.106139 [info]: sec-ch-ua: "Google Chrome";v="143", "Chromium";v="143", "Not A(Brand";v="24"
2026-01-14 15:28:09.106141 [info]: oop!unknow header: sec-ch-ua: "Google Chrome";v="143", "Chromium";v="143", "Not A(Brand";v="24"
2026-01-14 15:28:09.106151 [info]: sec-ch-ua-mobile: ?0
2026-01-14 15:28:09.106153 [info]: oop!unknow header: sec-ch-ua-mobile: ?0
2026-01-14 15:28:09.106154 [info]: Accept: image/avif,image/webp,image/apng,image/svg+xml,image/*,*/*;q=0.8
2026-01-14 15:28:09.106156 [info]: oop!unknow header: Accept: image/avif,image/webp,image/apng,image/svg+xml,image/*,*/*;q=0.8
2026-01-14 15:28:09.106157 [info]: Sec-Fetch-Site: same-origin
2026-01-14 15:28:09.106159 [info]: oop!unknow header: Sec-Fetch-Site: same-origin
2026-01-14 15:28:09.106160 [info]: Sec-Fetch-Mode: no-cors
2026-01-14 15:28:09.106162 [info]: oop!unknow header: Sec-Fetch-Mode: no-cors
2026-01-14 15:28:09.106163 [info]: Sec-Fetch-Dest: image
2026-01-14 15:28:09.106165 [info]: oop!unknow header: Sec-Fetch-Dest: image
2026-01-14 15:28:09.106166 [info]: Referer: http://localhost:8806/
2026-01-14 15:28:09.106168 [info]: oop!unknow header: Referer: http://localhost:8806/
2026-01-14 15:28:09.106169 [info]: Accept-Encoding: gzip, deflate, br, zstd
2026-01-14 15:28:09.106171 [info]: oop!unknow header: Accept-Encoding: gzip, deflate, br, zstd
2026-01-14 15:28:09.106172 [info]: Accept-Language: zh-CN,zh;q=0.9
2026-01-14 15:28:09.106174 [info]: oop!unknow header: Accept-Language: zh-CN,zh;q=0.9
2026-01-14 15:28:09.106175 [info]: 
2026-01-14 15:28:09.106266 [info]: request:HTTP/1.1 200 OK

2026-01-14 15:28:09.106272 [info]: request:HTTP/1.1 200 OK
Content-Length:4286

2026-01-14 15:28:09.106274 [info]: request:HTTP/1.1 200 OK
Content-Length:4286
Connection:keep-alive

2026-01-14 15:28:09.106276 [info]: request:HTTP/1.1 200 OK
Content-Length:4286
Connection:keep-alive


2026-01-14 15:28:09.106384 [info]: send data to the client(127.0.0.1)
2026-01-14 15:28:09.106393 [info]: adjust timer once
2026-01-14 15:28:10.203501 [info]: timer tick
2026-01-14 15:28:11.273284 [info]: deal with the client(127.0.0.1)
2026-01-14 15:28:11.273344 [info]: adjust timer once
2026-01-14 15:28:11.273390 [info]: POST /0 HTTP/1.1
2026-01-14 15:28:11.273403 [info]: Host: localhost:8806
2026-01-14 15:28:11.273405 [info]: Connection: keep-alive
2026-01-14 15:28:11.273407 [info]: Content-Length: 0
2026-01-14 15:28:11.273409 [info]: Cache-Control: max-age=0
2026-01-14 15:28:11.273410 [info]: oop!unknow header: Cache-Control: max-age=0
2026-01-14 15:28:11.273412 [info]: sec-ch-ua: "Google Chrome";v="143", "Chromium";v="143", "Not A(Brand";v="24"
2026-01-14 15:28:11.273413 [info]: oop!unknow header: sec-ch-ua: "Google Chrome";v="143", "Chromium";v="143", "Not A(Brand";v="24"
2026-01-14 15:28:11.273415 [info]: sec-ch-ua-mobile: ?0
2026-01-14 15:28:11.273416 [info]: oop!unknow header: sec-ch-ua-mobile: ?0
2026-01-14 15:28:11.273418 [info]: sec-ch-ua-platform: "Windows"
2026-01-14 15:28:11.273419 [info]: oop!unknow header: sec-ch-ua-platform: "Windows"
2026-01-14 15:28:11.273421 [info]: Origin: http://localhost:8806
2026-01-14 15:28:11.273422 [info]: oop!unknow header: Origin: http://localhost:8806
2026-01-14 15:28:11.273424 [info]: Content-Type: application/x-www-form-urlencoded
2026-01-14 15:28:11.273425 [info]: oop!unknow header: Content-Type: application/x-www-form-urlencoded
2026-01-14 15:28:11.273427 [info]: Upgrade-Insecure-Requests: 1
2026-01-14 15:28:11.273428 [info]: oop!unknow header: Upgrade-Insecure-Requests: 1
2026-01-14 15:28:11.273430 [info]: User-Agent: Mozilla/5.0 (Windows NT 10.0; Win64; x64) AppleWebKit/537.36 (KHTML, like Gecko) Chrome/143.0.0.0 Safari/537.36
2026-01-14 15:28:11.273431 [info]: oop!unknow header: User-Agent: Mozilla/5.0 (Windows NT 10.0; Win64; x64) AppleWebKit/537.36 (KHTML, like Gecko) Chrome/143.0.0.0 Safari/537.36
2026-01-14 15:28:11.273433 [info]: Accept: text/html,application/xhtml+xml,application/xml;q=0.9,image/avif,image/webp,image/apng,*/*;q=0.8,application/signed-exchange;v=b3;q=0.7
2026-01-14 15:28:11.273434 [info]: oop!unknow header: Accept: text/html,application/xhtml+xml,application/xml;q=0.9,image/avif,image/webp,image/apng,*/*;q=0.8,application/signed-exchange;v=b3;q=0.7
2026-01-14 15:28:11.273445 [info]: Sec-Fetch-Site: same-origin
2026-01-14 15:28:11.273446 [info]: oop!unknow header: Sec-Fetch-Site: same-origin
2026-01-14 15:28:11.273448 [info]: Sec-Fetch-Mode: navigate
2026-01-14 15:28:11.273449 [info]: oop!unknow header: Sec-Fetch-Mode: navigate
2026-01-14 15:28:11.273451 [info]: Sec-Fetch-User: ?1
2026-01-14 15:28:11.273452 [info]: oop!unknow header: Sec-Fetch-User: ?1
2026-01-14 15:28:11.273454 [info]: Sec-Fetch-Dest: document
2026-01-14 15:28:11.273455 [info]: oop!unknow header: Sec-Fetch-Dest: document
2026-01-14 15:28:11.273457 [info]: Referer: http://localhost:8806/
2026-01-14 15:28:11.273458 [info]: oop!unknow header: Referer: http://localhost:8806/
2026-01-14 15:28:11.273460 [info]: Accept-Encoding: gzip, deflate, br, zstd
2026-01-14 15:28:11.273461 [info]: oop!unknow header: Accept-Encoding: gzip, deflate, br, zstd
2026-01-14 15:28:11.273462 [info]: Accept-Language: zh-CN,zh;q=0.9
2026-01-14 15:28:11.273464 [info]: oop!unknow header: Accept-Language: zh-CN,zh;q=0.9
2026-01-14 15:28:11.273465 [info]: 
2026-01-14 15:28:11.273570 [info]: request:HTTP/1.1 200 OK

2026-01-14 15:28:11.273575 [info]: request:HTTP/1.1 200 OK
Content-Length:724

2026-01-14 15:28:11.273577 [info]: request:HTTP/1.1 200 OK
Content-Length:724
Connection:keep-alive

2026-01-14 15:28:11.273578 [info]: request:HTTP/1.1 200 OK
Content-Length:724
Connection:keep-alive


2026-01-14 15:28:11.273738 [info]: send data to the client(127.0.0.1)
2026-01-14 15:28:11.273751 [info]: adjust timer once
2026-01-14 15:28:15.203661 [info]: timer tick
2026-01-14 15:28:20.203789 [info]: timer tick
2026-01-14 15:28:25.204018 [info]: timer tick
2026-01-14 15:28:25.204160 [info]: close fd 17
2026-01-14 15:28:25.212464 [info]: close fd 18
2026-01-14 15:28:26.025923 [info]: deal with the client(127.0.0.1)
2026-01-14 15:28:26.025977 [info]: adjust timer once
2026-01-14 15:28:26.026064 [info]: POST /3CGISQL.cgi HTTP/1.1
2026-01-14 15:28:26.026087 [info]: Host: localhost:8806
2026-01-14 15:28:26.026090 [info]: Connection: keep-alive
2026-01-14 15:28:26.026092 [info]: Content-Length: 25
2026-01-14 15:28:26.026094 [info]: Cache-Control: max-age=0
2026-01-14 15:28:26.026096 [info]: oop!unknow header: Cache-Control: max-age=0
2026-01-14 15:28:26.026098 [info]: sec-ch-ua: "Google Chrome";v="143", "Chromium";v="143", "Not A(Brand";v="24"
2026-01-14 15:28:26.026100 [info]: oop!unknow header: sec-ch-ua: "Google Chrome";v="143", "Chromium";v="143", "Not A(Brand";v="24"
2026-01-14 15:28:26.026102 [info]: sec-ch-ua-mobile: ?0
2026-01-14 15:28:26.026104 [info]: oop!unknow header: sec-ch-ua-mobile: ?0
2026-01-14 15:28:26.026106 [info]: sec-ch-ua-platform: "Windows"
2026-01-14 15:28:26.026108 [info]: oop!unknow header: sec-ch-ua-platform: "Windows"
2026-01-14 15:28:26.026110 [info]: Origin: http://localhost:8806
2026-01-14 15:28:26.026112 [info]: oop!unknow header: Origin: http://localhost:8806
2026-01-14 15:28:26.026114 [info]: Content-Type: application/x-www-form-urlencoded
2026-01-14 15:28:26.026116 [info]: oop!unknow header: Content-Type: application/x-www-form-urlencoded
2026-01-14 15:28:26.026117 [info]: Upgrade-Insecure-Requests: 1
2026-01-14 15:28:26.026119 [info]: oop!unknow header: Upgrade-Insecure-Requests: 1
2026-01-14 15:28:26.026121 [info]: User-Agent: Mozilla/5.0 (Windows NT 10.0; Win64; x64) AppleWebKit/537.36 (KHTML, like Gecko) Chrome/143.0.0.0 Safari/537.36
2026-01-14 15:28:26.026123 [info]: oop!unknow header: User-Agent: Mozilla/5.0 (Windows NT 10.0; Win64; x64) AppleWebKit/537.36 (KHTML, like Gecko) Chrome/143.0.0.0 Safari/537.36
2026-01-14 15:28:26.026125 [info]: Accept: text/html,application/xhtml+xml,application/xml;q=0.9,image/avif,image/webp,image/apng,*/*;q=0.8,application/signed-exchange;v=b3;q=0.7
2026-01-14 15:28:26.026127 [info]: oop!unknow header: Accept: text/html,application/xhtml+xml,application/xml;q=0.9,image/avif,image/webp,image/apng,*/*;q=0.8,application/signed-exchange;v=b3;q=0.7
2026-01-14 15:28:26.026131 [info]: Sec-Fetch-Site: same-origin
2026-01-14 15:28:26.026133 [info]: oop!unknow header: Sec-Fetch-Site: same-origin
2026-01-14 15:28:26.026141 [info]: Sec-Fetch-Mode: navigate
2026-01-14 15:28:26.026143 [info]: oop!unknow header: Sec-Fetch-Mode: navigate
2026-01-14 15:28:26.026144 [info]: Sec-Fetch-User: ?1
2026-01-14 15:28:26.026146 [info]: oop!unknow header: Sec-Fetch-User: ?1
2026-01-14 15:28:26.026147 [info]: Sec-Fetch-Dest: document
2026-01-14 15:28:26.026149 [info]: oop!unknow header: Sec-Fetch-Dest: document
2026-01-14 15:28:26.026150 [info]: Referer: http://localhost:8806/0
2026-01-14 15:28:26.026151 [info]: oop!unknow header: Referer: http://localhost:8806/0
2026-01-14 15:28:26.026153 [info]: Accept-Encoding: gzip, deflate, br, zstd
2026-01-14 15:28:26.026154 [info]: oop!unknow header: Accept-Encoding: gzip, deflate, br, zstd
2026-01-14 15:28:26.026156 [info]: Accept-Language: zh-CN,zh;q=0.9
2026-01-14 15:28:26.026157 [info]: oop!unknow header: Accept-Language: zh-CN,zh;q=0.9
2026-01-14 15:28:26.026158 [info]: 
2026-01-14 15:28:26.026160 [info]: user=Rose&password=123456
2026-01-14 15:28:26.034880 [info]: request:HTTP/1.1 200 OK

2026-01-14 15:28:26.034903 [info]: request:HTTP/1.1 200 OK
Content-Length:725

2026-01-14 15:28:26.034906 [info]: request:HTTP/1.1 200 OK
Content-Length:725
Connection:keep-alive

2026-01-14 15:28:26.034918 [info]: request:HTTP/1.1 200 OK
Content-Length:725
Connection:keep-alive


2026-01-14 15:28:26.035045 [info]: send data to the client(127.0.0.1)
2026-01-14 15:28:26.035059 [info]: adjust timer once
2026-01-14 15:28:30.212719 [info]: timer tick
2026-01-14 15:28:35.213118 [info]: timer tick
2026-01-14 15:28:37.911310 [info]: deal with the client(127.0.0.1)
2026-01-14 15:28:37.911366 [info]: adjust timer once
2026-01-14 15:28:37.911461 [info]: POST /2CGISQL.cgi HTTP/1.1
2026-01-14 15:28:37.911487 [info]: Host: localhost:8806
2026-01-14 15:28:37.911490 [info]: Connection: keep-alive
2026-01-14 15:28:37.911493 [info]: Content-Length: 25
2026-01-14 15:28:37.911495 [info]: Cache-Control: max-age=0
2026-01-14 15:28:37.911497 [info]: oop!unknow header: Cache-Control: max-age=0
2026-01-14 15:28:37.911499 [info]: sec-ch-ua: "Google Chrome";v="143", "Chromium";v="143", "Not A(Brand";v="24"
2026-01-14 15:28:37.911501 [info]: oop!unknow header: sec-ch-ua: "Google Chrome";v="143", "Chromium";v="143", "Not A(Brand";v="24"
2026-01-14 15:28:37.911503 [info]: sec-ch-ua-mobile: ?0
2026-01-14 15:28:37.911505 [info]: oop!unknow header: sec-ch-ua-mobile: ?0
2026-01-14 15:28:37.911507 [info]: sec-ch-ua-platform: "Windows"
2026-01-14 15:28:37.911509 [info]: oop!unknow header: sec-ch-ua-platform: "Windows"
2026-01-14 15:28:37.911511 [info]: Origin: http://localhost:8806
2026-01-14 15:28:37.911513 [info]: oop!unknow header: Origin: http://localhost:8806
2026-01-14 15:28:37.911515 [info]: Content-Type: application/x-www-form-urlencoded
2026-01-14 15:28:37.911517 [info]: oop!unknow header: Content-Type: application/x-www-form-urlencoded
2026-01-14 15:28:37.911519 [info]: Upgrade-Insecure-Requests: 1
2026-01-14 15:28:37.911521 [info]: oop!unknow header: Upgrade-Insecure-Requests: 1
2026-01-14 15:28:37.911523 [info]: User-Agent: Mozilla/5.0 (Windows NT 10.0; Win64; x64) AppleWebKit/537.36 (KHTML, like Gecko) Chrome/143.0.0.0 Safari/537.36
2026-01-14 15:28:37.911525 [info]: oop!unknow header: User-Agent: Mozilla/5.0 (Windows NT 10.0; Win64; x64) AppleWebKit/537.36 (KHTML, like Gecko) Chrome/143.0.0.0 Safari/537.36
2026-01-14 15:28:37.911527 [info]: Accept: text/html,application/xhtml+xml,application/xml;q=0.9,image/avif,image/webp,image/apng,*/*;q=0.8,application/signed-exchange;v=b3;q=0.7
2026-01-14 15:28:37.911529 [info]: oop!unknow header: Accept: text/html,application/xhtml+xml,application/xml;q=0.9,image/avif,image/webp,image/apng,*/*;q=0.8,application/signed-exchange;v=b3;q=0.7
2026-01-14 15:28:37.911532 [info]: Sec-Fetch-Site: same-origin
2026-01-14 15:28:37.911534 [info]: oop!unknow header: Sec-Fetch-Site: same-origin
2026-01-14 15:28:37.911536 [info]: Sec-Fetch-Mode: navigate
2026-01-14 15:28:37.911538 [info]: oop!unknow header: Sec-Fetch-Mode: navigate
2026-01-14 15:28:37.911548 [info]: Sec-Fetch-User: ?1
2026-01-14 15:28:37.911549 [info]: oop!unknow header: Sec-Fetch-User: ?1
2026-01-14 15:28:37.911551 [info]: Sec-Fetch-Dest: document
2026-01-14 15:28:37.911552 [info]: oop!unknow header: Sec-Fetch-Dest: document
2026-01-14 15:28:37.911554 [info]: Referer: http://localhost:8806/3CGISQL.cgi
2026-01-14 15:28:37.911555 [info]: oop!unknow header: Referer: http://localhost:8806/3CGISQL.cgi
2026-01-14 15:28:37.911557 [info]: Accept-Encoding: gzip, deflate, br, zstd
2026-01-14 15:28:37.911558 [info]: oop!unknow header: Accept-Encoding: gzip, deflate, br, zstd
2026-01-14 15:28:37.911560 [info]: Accept-Language: zh-CN,zh;q=0.9
2026-01-14 15:28:37.911561 [info]: oop!unknow header: Accept-Language: zh-CN,zh;q=0.9
2026-01-14 15:28:37.911563 [info]: 
2026-01-14 15:28:37.911564 [info]: user=Rose&password=123456
2026-01-14 15:28:37.911640 [info]: request:HTTP/1.1 200 OK

2026-01-14 15:28:37.911645 [info]: request:HTTP/1.1 200 OK
Content-Length:723

2026-01-14 15:28:37.911647 [info]: request:HTTP/1.1 200 OK
Content-Length:723
Connection:keep-alive

2026-01-14 15:28:37.911649 [info]: request:HTTP/1.1 200 OK
Content-Length:723
Connection:keep-alive


2026-01-14 15:28:37.911891 [info]: send data to the client(127.0.0.1)
2026-01-14 15:28:37.911904 [info]: adjust timer once
2026-01-14 15:28:40.213238 [info]: timer tick
2026-01-14 15:28:43.144030 [info]: deal with the client(127.0.0.1)
2026-01-14 15:28:43.144107 [info]: adjust timer once
2026-01-14 15:28:43.144233 [info]: POST /6 HTTP/1.1
2026-01-14 15:28:43.144358 [info]: Host: localhost:8806
2026-01-14 15:28:43.144365 [info]: Connection: keep-alive
2026-01-14 15:28:43.144368 [info]: Content-Length: 0
2026-01-14 15:28:43.144370 [info]: Cache-Control: max-age=0
2026-01-14 15:28:43.144373 [info]: oop!unknow header: Cache-Control: max-age=0
2026-01-14 15:28:43.144376 [info]: sec-ch-ua: "Google Chrome";v="143", "Chromium";v="143", "Not A(Brand";v="24"
2026-01-14 15:28:43.144378 [info]: oop!unknow header: sec-ch-ua: "Google Chrome";v="143", "Chromium";v="143", "Not A(Brand";v="24"
2026-01-14 15:28:43.144381 [info]: sec-ch-ua-mobile: ?0
2026-01-14 15:28:43.144383 [info]: oop!unknow header: sec-ch-ua-mobile: ?0
2026-01-14 15:28:43.144386 [info]: sec-ch-ua-platform: "Windows"
2026-01-14 15:28:43.144388 [info]: oop!unknow header: sec-ch-ua-platform: "Windows"
2026-01-14 15:28:43.144391 [info]: Origin: http://localhost:8806
2026-01-14 15:28:43.144393 [info]: oop!unknow header: Origin: http://localhost:8806
2026-01-14 15:28:43.144395 [info]: Content-Type: application/x-www-form-urlencoded
2026-01-14 15:28:43.144398 [info]: oop!unknow header: Content-Type: application/x-www-form-urlencoded
2026-01-14 15:28:43.144400 [info]: Upgrade-Insecure-Requests: 1
2026-01-14 15:28:43.144403 [info]: oop!unknow header: Upgrade-Insecure-Requests: 1
2026-01-14 15:28:43.144405 [info]: User-Agent: Mozilla/5.0 (Windows NT 10.0; Win64; x64) AppleWebKit/537.36 (KHTML, like Gecko) Chrome/143.0.0.0 Safari/537.36
2026-01-14 15:28:43.144408 [info]: oop!unknow header: User-Agent: Mozilla/5.0 (Windows NT 10.0; Win64; x64) AppleWebKit/537.36 (KHTML, like Gecko) Chrome/143.0.0.0 Safari/537.36
2026-01-14 15:28:43.144410 [info]: Accept: text/html,application/xhtml+xml,application/xml;q=0.9,image/avif,image/webp,image/apng,*/*;q=0.8,application/signed-exchange;v=b3;q=0.7
2026-01-14 15:28:43.144413 [info]: oop!unknow header: Accept: text/html,application/xhtml+xml,application/xml;q=0.9,image/avif,image/webp,image/apng,*/*;q=0.8,application/signed-exchange;v=b3;q=0.7
2026-01-14 15:28:43.144418 [info]: Sec-Fetch-Site: same-origin
2026-01-14 15:28:43.144420 [info]: oop!unknow header: Sec-Fetch-Site: same-origin
2026-01-14 15:28:43.144423 [info]: Sec-Fetch-Mode: navigate
2026-01-14 15:28:43.144425 [info]: oop!unknow header: Sec-Fetch-Mode: navigate
2026-01-14 15:28:43.144427 [info]: Sec-Fetch-User: ?1
2026-01-14 15:28:43.144430 [info]: oop!unknow header: Sec-Fetch-User: ?1
2026-01-14 15:28:43.144432 [info]: Sec-Fetch-Dest: document
2026-01-14 15:28:43.144435 [info]: oop!unknow header: Sec-Fetch-Dest: document
2026-01-14 15:28:43.144445 [info]: Referer: http://localhost:8806/2CGISQL.cgi
2026-01-14 15:28:43.144447 [info]: oop!unknow header: Referer: http://localhost:8806/2CGISQL.cgi
2026-01-14 15:28:43.144449 [info]: Accept-Encoding: gzip, deflate, br, zstd
2026-01-14 15:28:43.144451 [info]: oop!unknow header: Accept-Encoding: gzip, deflate, br, zstd
2026-01-14 15:28:43.144453 [info]: Accept-Language: zh-CN,zh;q=0.9
2026-01-14 15:28:43.144454 [info]: oop!unknow header: Accept-Language: zh-CN,zh;q=0.9
2026-01-14 15:28:43.144456 [info]: 
2026-01-14 15:28:43.145309 [info]: request:HTTP/1.1 200 OK

2026-01-14 15:28:43.145324 [info]: request:HTTP/1.1 200 OK
Content-Length:381

2026-01-14 15:28:43.145326 [info]: request:HTTP/1.1 200 OK
Content-Length:381
Connection:keep-alive

2026-01-14 15:28:43.145327 [info]: request:HTTP/1.1 200 OK
Content-Length:381
Connection:keep-alive


2026-01-14 15:28:43.145428 [info]: send data to the client(127.0.0.1)
2026-01-14 15:28:43.145438 [info]: adjust timer once
2026-01-14 15:28:43.155478 [info]: deal with the client(127.0.0.1)
2026-01-14 15:28:43.155549 [info]: adjust timer once
2026-01-14 15:28:43.155608 [info]: GET /xxx.mp4 HTTP/1.1
2026-01-14 15:28:43.155629 [info]: Host: localhost:8806
2026-01-14 15:28:43.155631 [info]: Connection: keep-alive
2026-01-14 15:28:43.155633 [info]: sec-ch-ua-platform: "Windows"
2026-01-14 15:28:43.155635 [info]: oop!unknow header: sec-ch-ua-platform: "Windows"
2026-01-14 15:28:43.155636 [info]: Accept-Encoding: identity;q=1, *;q=0
2026-01-14 15:28:43.155638 [info]: oop!unknow header: Accept-Encoding: identity;q=1, *;q=0
2026-01-14 15:28:43.155640 [info]: User-Agent: Mozilla/5.0 (Windows NT 10.0; Win64; x64) AppleWebKit/537.36 (KHTML, like Gecko) Chrome/143.0.0.0 Safari/537.36
2026-01-14 15:28:43.155641 [info]: oop!unknow header: User-Agent: Mozilla/5.0 (Windows NT 10.0; Win64; x64) AppleWebKit/537.36 (KHTML, like Gecko) Chrome/143.0.0.0 Safari/537.36
2026-01-14 15:28:43.155643 [info]: sec-ch-ua: "Google Chrome";v="143", "Chromium";v="143", "Not A(Brand";v="24"
2026-01-14 15:28:43.155644 [info]: oop!unknow header: sec-ch-ua: "Google Chrome";v="143", "Chromium";v="143", "Not A(Brand";v="24"
2026-01-14 15:28:43.155646 [info]: sec-ch-ua-mobile: ?0
2026-01-14 15:28:43.155647 [info]: oop!unknow header: sec-ch-ua-mobile: ?0
2026-01-14 15:28:43.155649 [info]: Accept: */*
2026-01-14 15:28:43.155651 [info]: oop!unknow header: Accept: */*
2026-01-14 15:28:43.155652 [info]: Sec-Fetch-Site: same-origin
2026-01-14 15:28:43.155654 [info]: oop!unknow header: Sec-Fetch-Site: same-origin
2026-01-14 15:28:43.155655 [info]: Sec-Fetch-Mode: no-cors
2026-01-14 15:28:43.155657 [info]: oop!unknow header: Sec-Fetch-Mode: no-cors
2026-01-14 15:28:43.155658 [info]: Sec-Fetch-Dest: video
2026-01-14 15:28:43.155659 [info]: oop!unknow header: Sec-Fetch-Dest: video
2026-01-14 15:28:43.155661 [info]: Referer: http://localhost:8806/6
2026-01-14 15:28:43.155662 [info]: oop!unknow header: Referer: http://localhost:8806/6
2026-01-14 15:28:43.155664 [info]: Accept-Language: zh-CN,zh;q=0.9
2026-01-14 15:28:43.155665 [info]: oop!unknow header: Accept-Language: zh-CN,zh;q=0.9
2026-01-14 15:28:43.155667 [info]: Range: bytes=0-
2026-01-14 15:28:43.155668 [info]: oop!unknow header: Range: bytes=0-
2026-01-14 15:28:43.155670 [info]: 
2026-01-14 15:28:43.155759 [info]: request:HTTP/1.1 200 OK

2026-01-14 15:28:43.155765 [info]: request:HTTP/1.1 200 OK
Content-Length:39667571

2026-01-14 15:28:43.155767 [info]: request:HTTP/1.1 200 OK
Content-Length:39667571
Connection:keep-alive

2026-01-14 15:28:43.155769 [info]: request:HTTP/1.1 200 OK
Content-Length:39667571
Connection:keep-alive


2026-01-14 15:28:43.172444 [info]: send data to the client(127.0.0.1)
2026-01-14 15:28:43.172482 [info]: adjust timer once
2026-01-14 15:28:43.216154 [info]: send data to the client(127.0.0.1)
2026-01-14 15:28:43.216200 [info]: adjust timer once
2026-01-14 15:28:43.231976 [info]: send data to the client(127.0.0.1)
2026-01-14 15:28:43.232017 [info]: adjust timer once
2026-01-14 15:28:43.237659 [info]: send data to the client(127.0.0.1)
2026-01-14 15:28:43.237707 [info]: adjust timer once
2026-01-14 15:28:45.213643 [info]: timer tick
2026-01-14 15:28:45.213807 [info]: close fd 17
2026-01-14 15:28:47.671080 [info]: send data to the client(127.0.0.1)
2026-01-14 15:28:47.671132 [info]: adjust timer once
2026-01-14 15:28:47.693416 [info]: send data to the client(127.0.0.1)
2026-01-14 15:28:47.693457 [info]: adjust timer once
2026-01-14 15:28:47.699498 [info]: send data to the client(127.0.0.1)
2026-01-14 15:28:47.699536 [info]: adjust timer once
2026-01-14 15:28:47.722635 [info]: send data to the client(127.0.0.1)
2026-01-14 15:28:47.722670 [info]: adjust timer once
2026-01-14 15:28:47.738404 [info]: send data to the client(127.0.0.1)
2026-01-14 15:28:47.738440 [info]: adjust timer once
2026-01-14 15:28:47.750567 [info]: send data to the client(127.0.0.1)
2026-01-14 15:28:47.750599 [info]: adjust timer once
2026-01-14 15:28:47.769320 [info]: send data to the client(127.0.0.1)
2026-01-14 15:28:47.769356 [info]: adjust timer once
2026-01-14 15:28:50.213933 [info]: timer tick
2026-01-14 15:28:51.225239 [info]: close fd 16
2026-01-14 15:28:54.948322 [info]: deal with the client(127.0.0.1)
2026-01-14 15:28:54.948395 [info]: adjust timer once
2026-01-14 15:28:54.948444 [info]: POST /5 HTTP/1.1
2026-01-14 15:28:54.948461 [info]: Host: localhost:8806
2026-01-14 15:28:54.948463 [info]: Connection: keep-alive
2026-01-14 15:28:54.948466 [info]: Content-Length: 0
2026-01-14 15:28:54.948468 [info]: Cache-Control: max-age=0
2026-01-14 15:28:54.948470 [info]: oop!unknow header: Cache-Control: max-age=0
2026-01-14 15:28:54.948472 [info]: sec-ch-ua: "Google Chrome";v="143", "Chromium";v="143", "Not A(Brand";v="24"
2026-01-14 15:28:54.948474 [info]: oop!unknow header: sec-ch-ua: "Google Chrome";v="143", "Chromium";v="143", "Not A(Brand";v="24"
2026-01-14 15:28:54.948476 [info]: sec-ch-ua-mobile: ?0
2026-01-14 15:28:54.948478 [info]: oop!unknow header: sec-ch-ua-mobile: ?0
2026-01-14 15:28:54.948480 [info]: sec-ch-ua-platform: "Windows"
2026-01-14 15:28:54.948482 [info]: oop!unknow header: sec-ch-ua-platform: "Windows"
2026-01-14 15:28:54.948484 [info]: Origin: http://localhost:8806
2026-01-14 15:28:54.948486 [info]: oop!unknow header: Origin: http://localhost:8806
2026-01-14 15:28:54.948488 [info]: Content-Type: application/x-www-form-urlencoded
2026-01-14 15:28:54.948490 [info]: oop!unknow header: Content-Type: application/x-www-form-urlencoded
2026-01-14 15:28:54.948492 [info]: Upgrade-Insecure-Requests: 1
2026-01-14 15:28:54.948494 [info]: oop!unknow header: Upgrade-Insecure-Requests: 1
2026-01-14 15:28:54.948496 [info]: User-Agent: Mozilla/5.0 (Windows NT 10.0; Win64; x64) AppleWebKit/537.36 (KHTML, like Gecko) Chrome/143.0.0.0 Safari/537.36
2026-01-14 15:28:54.948498 [info]: oop!unknow header: User-Agent: Mozilla/5.0 (Windows NT 10.0; Win64; x64) AppleWebKit/537.36 (KHTML, like Gecko) Chrome/143.0.0.0 Safari/537.36
2026-01-14 15:28:54.948500 [info]: Accept: text/html,application/xhtml+xml,application/xml;q=0.9,image/avif,image/webp,image/apng,*/*;q=0.8,application/signed-exchange;v=b3;q=0.7
2026-01-14 15:28:54.948502 [info]: oop!unknow header: Accept: text/html,application/xhtml+xml,application/xml;q=0.9,image/avif,image/webp,image/apng,*/*;q=0.8,application/signed-exchange;v=b3;q=0.7
2026-01-14 15:28:54.948505 [info]: Sec-Fetch-Site: same-origin
2026-01-14 15:28:54.948507 [info]: oop!unknow header: Sec-Fetch-Site: same-origin
2026-01-14 15:28:54.948509 [info]: Sec-Fetch-Mode: navigate
2026-01-14 15:28:54.948511 [info]: oop!unknow header: Sec-Fetch-Mode: navigate
2026-01-14 15:28:54.948513 [info]: Sec-Fetch-User: ?1
2026-01-14 15:28:54.948515 [info]: oop!unknow header: Sec-Fetch-User: ?1
2026-01-14 15:28:54.948517 [info]: Sec-Fetch-Dest: document
2026-01-14 15:28:54.948519 [info]: oop!unknow header: Sec-Fetch-Dest: document
2026-01-14 15:28:54.948521 [info]: Referer: http://localhost:8806/2CGISQL.cgi
2026-01-14 15:28:54.948523 [info]: oop!unknow header: Referer: http://localhost:8806/2CGISQL.cgi
2026-01-14 15:28:54.948525 [info]: Accept-Encoding: gzip, deflate, br, zstd
2026-01-14 15:28:54.948533 [info]: oop!unknow header: Accept-Encoding: gzip, deflate, br, zstd
2026-01-14 15:28:54.948535 [info]: Accept-Language: zh-CN,zh;q=0.9
2026-01-14 15:28:54.948536 [info]: oop!unknow header: Accept-Language: zh-CN,zh;q=0.9
2026-01-14 15:28:54.948538 [info]: 
2026-01-14 15:28:54.948590 [info]: request:HTTP/1.1 200 OK

2026-01-14 15:28:54.948595 [info]: request:HTTP/1.1 200 OK
Content-Length:360

2026-01-14 15:28:54.948597 [info]: request:HTTP/1.1 200 OK
Content-Length:360
Connection:keep-alive

2026-01-14 15:28:54.948599 [info]: request:HTTP/1.1 200 OK
Content-Length:360
Connection:keep-alive


2026-01-14 15:28:54.948675 [info]: send data to the client(127.0.0.1)
2026-01-14 15:28:54.948684 [info]: adjust timer once
2026-01-14 15:28:54.951904 [info]: deal with the client(127.0.0.1)
2026-01-14 15:28:54.951965 [info]: adjust timer once
2026-01-14 15:28:54.952017 [info]: GET /xxx.jpg HTTP/1.1
2026-01-14 15:28:54.952036 [info]: Host: localhost:8806
2026-01-14 15:28:54.952041 [info]: Connection: keep-alive
2026-01-14 15:28:54.952045 [info]: sec-ch-ua-platform: "Windows"
2026-01-14 15:28:54.952049 [info]: oop!unknow header: sec-ch-ua-platform: "Windows"
2026-01-14 15:28:54.952052 [info]: User-Agent: Mozilla/5.0 (Windows NT 10.0; Win64; x64) AppleWebKit/537.36 (KHTML, like Gecko) Chrome/143.0.0.0 Safari/537.36
2026-01-14 15:28:54.952056 [info]: oop!unknow header: User-Agent: Mozilla/5.0 (Windows NT 10.0; Win64; x64) AppleWebKit/537.36 (KHTML, like Gecko) Chrome/143.0.0.0 Safari/537.36
2026-01-14 15:28:54.952060 [info]: sec-ch-ua: "Google Chrome";v="143", "Chromium";v="143", "Not A(Brand";v="24"
2026-01-14 15:28:54.952063 [info]: oop!unknow header: sec-ch-ua: "Google Chrome";v="143", "Chromium";v="143", "Not A(Brand";v="24"
2026-01-14 15:28:54.952067 [info]: sec-ch-ua-mobile: ?0
2026-01-14 15:28:54.952070 [info]: oop!unknow header: sec-ch-ua-mobile: ?0
2026-01-14 15:28:54.952073 [info]: Accept: image/avif,image/webp,image/apng,image/svg+xml,image/*,*/*;q=0.8
2026-01-14 15:28:54.952077 [info]: oop!unknow header: Accept: image/avif,image/webp,image/apng,image/svg+xml,image/*,*/*;q=0.8
2026-01-14 15:28:54.952080 [info]: Sec-Fetch-Site: same-origin
2026-01-14 15:28:54.952084 [info]: oop!unknow header: Sec-Fetch-Site: same-origin
2026-01-14 15:28:54.952087 [info]: Sec-Fetch-Mode: no-cors
2026-01-14 15:28:54.952090 [info]: oop!unknow header: Sec-Fetch-Mode: no-cors
2026-01-14 15:28:54.952094 [info]: Sec-Fetch-Dest: image
2026-01-14 15:28:54.952097 [info]: oop!unknow header: Sec-Fetch-Dest: image
2026-01-14 15:28:54.952100 [info]: Referer: http://localhost:8806/5
2026-01-14 15:28:54.952104 [info]: oop!unknow header: Referer: http://localhost:8806/5
2026-01-14 15:28:54.952107 [info]: Accept-Encoding: gzip, deflate, br, zstd
2026-01-14 15:28:54.952111 [info]: oop!unknow header: Accept-Encoding: gzip, deflate, br, zstd
2026-01-14 15:28:54.952114 [info]: Accept-Language: zh-CN,zh;q=0.9
2026-01-14 15:28:54.952117 [info]: oop!unknow header: Accept-Language: zh-CN,zh;q=0.9
2026-01-14 15:28:54.952121 [info]: 
2026-01-14 15:28:54.952152 [info]: request:HTTP/1.1 200 OK

2026-01-14 15:28:54.952157 [info]: request:HTTP/1.1 200 OK
Content-Length:6007312

2026-01-14 15:28:54.952161 [info]: request:HTTP/1.1 200 OK
Content-Length:6007312
Connection:keep-alive

2026-01-14 15:28:54.952164 [info]: request:HTTP/1.1 200 OK
Content-Length:6007312
Connection:keep-alive


2026-01-14 15:28:54.965822 [info]: send data to the client(127.0.0.1)
2026-01-14 15:28:54.965861 [info]: adjust timer once
2026-01-14 15:28:54.978210 [info]: close fd 16
2026-01-14 15:28:55.214173 [info]: timer tick
2026-01-14 15:29:00.214337 [info]: timer tick
2026-01-14 15:29:01.537255 [info]: deal with the client(127.0.0.1)
2026-01-14 15:29:01.537334 [info]: adjust timer once
2026-01-14 15:29:01.537411 [info]: POST /7 HTTP/1.1
2026-01-14 15:29:01.537443 [info]: Host: localhost:8806
2026-01-14 15:29:01.537447 [info]: Connection: keep-alive
2026-01-14 15:29:01.537449 [info]: Content-Length: 0
2026-01-14 15:29:01.537505 [info]: Cache-Control: max-age=0
2026-01-14 15:29:01.537509 [info]: oop!unknow header: Cache-Control: max-age=0
2026-01-14 15:29:01.537511 [info]: sec-ch-ua: "Google Chrome";v="143", "Chromium";v="143", "Not A(Brand";v="24"
2026-01-14 15:29:01.537514 [info]: oop!unknow header: sec-ch-ua: "Google Chrome";v="143", "Chromium";v="143", "Not A(Brand";v="24"
2026-01-14 15:29:01.537516 [info]: sec-ch-ua-mobile: ?0
2026-01-14 15:29:01.537518 [info]: oop!unknow header: sec-ch-ua-mobile: ?0
2026-01-14 15:29:01.537520 [info]: sec-ch-ua-platform: "Windows"
2026-01-14 15:29:01.537522 [info]: oop!unknow header: sec-ch-ua-platform: "Windows"
2026-01-14 15:29:01.537524 [info]: Origin: http://localhost:8806
2026-01-14 15:29:01.537525 [info]: oop!unknow header: Origin: http://localhost:8806
2026-01-14 15:29:01.537527 [info]: Content-Type: application/x-www-form-urlencoded
2026-01-14 15:29:01.537529 [info]: oop!unknow header: Content-Type: application/x-www-form-urlencoded
2026-01-14 15:29:01.537531 [info]: Upgrade-Insecure-Requests: 1
2026-01-14 15:29:01.537533 [info]: oop!unknow header: Upgrade-Insecure-Requests: 1
2026-01-14 15:29:01.537535 [info]: User-Agent: Mozilla/5.0 (Windows NT 10.0; Win64; x64) AppleWebKit/537.36 (KHTML, like Gecko) Chrome/143.0.0.0 Safari/537.36
2026-01-14 15:29:01.537537 [info]: oop!unknow header: User-Agent: Mozilla/5.0 (Windows NT 10.0; Win64; x64) AppleWebKit/537.36 (KHTML, like Gecko) Chrome/143.0.0.0 Safari/537.36
2026-01-14 15:29:01.537539 [info]: Accept: text/html,application/xhtml+xml,application/xml;q=0.9,image/avif,image/webp,image/apng,*/*;q=0.8,application/signed-exchange;v=b3;q=0.7
2026-01-14 15:29:01.537541 [info]: oop!unknow header: Accept: text/html,application/xhtml+xml,application/xml;q=0.9,image/avif,image/webp,image/apng,*/*;q=0.8,application/signed-exchange;v=b3;q=0.7
2026-01-14 15:29:01.537551 [info]: Sec-Fetch-Site: same-origin
2026-01-14 15:29:01.537552 [info]: oop!unknow header: Sec-Fetch-Site: same-origin
2026-01-14 15:29:01.537554 [info]: Sec-Fetch-Mode: navigate
2026-01-14 15:29:01.537556 [info]: oop!unknow header: Sec-Fetch-Mode: navigate
2026-01-14 15:29:01.537558 [info]: Sec-Fetch-User: ?1
2026-01-14 15:29:01.537560 [info]: oop!unknow header: Sec-Fetch-User: ?1
2026-01-14 15:29:01.537562 [info]: Sec-Fetch-Dest: document
2026-01-14 15:29:01.537564 [info]: oop!unknow header: Sec-Fetch-Dest: document
2026-01-14 15:29:01.537566 [info]: Referer: http://localhost:8806/2CGISQL.cgi
2026-01-14 15:29:01.537567 [info]: oop!unknow header: Referer: http://localhost:8806/2CGISQL.cgi
2026-01-14 15:29:01.537569 [info]: Accept-Encoding: gzip, deflate, br, zstd
2026-01-14 15:29:01.537571 [info]: oop!unknow header: Accept-Encoding: gzip, deflate, br, zstd
2026-01-14 15:29:01.537573 [info]: Accept-Language: zh-CN,zh;q=0.9
2026-01-14 15:29:01.537575 [info]: oop!unknow header: Accept-Language: zh-CN,zh;q=0.9
2026-01-14 15:29:01.537577 [info]: 
2026-01-14 15:29:01.537620 [info]: request:HTTP/1.1 200 OK

2026-01-14 15:29:01.537624 [info]: request:HTTP/1.1 200 OK
Content-Length:392

2026-01-14 15:29:01.537626 [info]: request:HTTP/1.1 200 OK
Content-Length:392
Connection:keep-alive

2026-01-14 15:29:01.537628 [info]: request:HTTP/1.1 200 OK
Content-Length:392
Connection:keep-alive


2026-01-14 15:29:01.537812 [info]: send data to the client(127.0.0.1)
2026-01-14 15:29:01.537819 [info]: adjust timer once
2026-01-14 15:29:01.541098 [info]: deal with the client(127.0.0.1)
2026-01-14 15:29:01.541140 [info]: adjust timer once
2026-01-14 15:29:01.541199 [info]: GET /test1.jpg HTTP/1.1
2026-01-14 15:29:01.541215 [info]: Host: localhost:8806
2026-01-14 15:29:01.541218 [info]: Connection: keep-alive
2026-01-14 15:29:01.541219 [info]: sec-ch-ua-platform: "Windows"
2026-01-14 15:29:01.541221 [info]: oop!unknow header: sec-ch-ua-platform: "Windows"
2026-01-14 15:29:01.541223 [info]: User-Agent: Mozilla/5.0 (Windows NT 10.0; Win64; x64) AppleWebKit/537.36 (KHTML, like Gecko) Chrome/143.0.0.0 Safari/537.36
2026-01-14 15:29:01.541224 [info]: oop!unknow header: User-Agent: Mozilla/5.0 (Windows NT 10.0; Win64; x64) AppleWebKit/537.36 (KHTML, like Gecko) Chrome/143.0.0.0 Safari/537.36
2026-01-14 15:29:01.541238 [info]: sec-ch-ua: "Google Chrome";v="143", "Chromium";v="143", "Not A(Brand";v="24"
2026-01-14 15:29:01.541239 [info]: oop!unknow header: sec-ch-ua: "Google Chrome";v="143", "Chromium";v="143", "Not A(Brand";v="24"
2026-01-14 15:29:01.541241 [info]: sec-ch-ua-mobile: ?0
2026-01-14 15:29:01.541243 [info]: oop!unknow header: sec-ch-ua-mobile: ?0
2026-01-14 15:29:01.541244 [info]: Accept: image/avif,image/webp,image/apng,image/svg+xml,image/*,*/*;q=0.8
2026-01-14 15:29:01.541246 [info]: oop!unknow header: Accept: image/avif,image/webp,image/apng,image/svg+xml,image/*,*/*;q=0.8
2026-01-14 15:29:01.541247 [info]: Sec-Fetch-Site: same-origin
2026-01-14 15:29:01.541249 [info]: oop!unknow header: Sec-Fetch-Site: same-origin
2026-01-14 15:29:01.541250 [info]: Sec-Fetch-Mode: no-cors
2026-01-14 15:29:01.541252 [info]: oop!unknow header: Sec-Fetch-Mode: no-cors
2026-01-14 15:29:01.541253 [info]: Sec-Fetch-Dest: image
2026-01-14 15:29:01.541255 [info]: oop!unknow header: Sec-Fetch-Dest: image
2026-01-14 15:29:01.541256 [info]: Referer: http://localhost:8806/7
2026-01-14 15:29:01.541258 [info]: oop!unknow header: Referer: http://localhost:8806/7
2026-01-14 15:29:01.541259 [info]: Accept-Encoding: gzip, deflate, br, zstd
2026-01-14 15:29:01.541260 [info]: oop!unknow header: Accept-Encoding: gzip, deflate, br, zstd
2026-01-14 15:29:01.541262 [info]: Accept-Language: zh-CN,zh;q=0.9
2026-01-14 15:29:01.541264 [info]: oop!unknow header: Accept-Language: zh-CN,zh;q=0.9
2026-01-14 15:29:01.541265 [info]: 
2026-01-14 15:29:01.541294 [info]: request:HTTP/1.1 200 OK

2026-01-14 15:29:01.541296 [info]: request:HTTP/1.1 200 OK
Content-Length:78443

2026-01-14 15:29:01.541298 [info]: request:HTTP/1.1 200 OK
Content-Length:78443
Connection:keep-alive

2026-01-14 15:29:01.541299 [info]: request:HTTP/1.1 200 OK
Content-Length:78443
Connection:keep-alive


2026-01-14 15:29:01.541639 [info]: send data to the client(127.0.0.1)
2026-01-14 15:29:01.541646 [info]: adjust timer once
2026-01-14 15:29:05.214586 [info]: timer tick
2026-01-14 15:29:10.214893 [info]: timer tick
2026-01-14 15:29:15.215285 [info]: timer tick
2026-01-14 15:29:15.215455 [info]: close fd 16
2026-01-14 15:29:20.223979 [info]: timer tick
2026-01-14 15:29:20.224104 [info]: close fd 17
2026-01-14 15:35:40.244996 [info]: timer tick
2026-01-14 15:35:45.245213 [info]: timer tick
2026-01-14 15:35:50.245578 [info]: timer tick
2026-01-14 15:35:54.920181 [info]: close fd 17
2026-01-14 15:35:54.920221 [info]: close fd 16
2026-01-14 15:42:30.807493 [info]: deal with the client(127.0.0.1)
2026-01-14 15:42:30.807577 [info]: adjust timer once
2026-01-14 15:42:30.807632 [info]: POST /1 HTTP/1.1
2026-01-14 15:42:30.807661 [info]: Host: localhost:8806
2026-01-14 15:42:30.807665 [info]: Connection: keep-alive
2026-01-14 15:42:30.807667 [info]: Content-Length: 0
2026-01-14 15:42:30.807669 [info]: Cache-Control: max-age=0
2026-01-14 15:42:30.807671 [info]: oop!unknow header: Cache-Control: max-age=0
2026-01-14 15:42:30.807674 [info]: sec-ch-ua: "Google Chrome";v="143", "Chromium";v="143", "Not A(Brand";v="24"
2026-01-14 15:42:30.807676 [info]: oop!unknow header: sec-ch-ua: "Google Chrome";v="143", "Chromium";v="143", "Not A(Brand";v="24"
2026-01-14 15:42:30.807678 [info]: sec-ch-ua-mobile: ?0
2026-01-14 15:42:30.807680 [info]: oop!unknow header: sec-ch-ua-mobile: ?0
2026-01-14 15:42:30.807682 [info]: sec-ch-ua-platform: "Windows"
2026-01-14 15:42:30.807684 [info]: oop!unknow header: sec-ch-ua-platform: "Windows"
2026-01-14 15:42:30.807686 [info]: Origin: http://localhost:8806
2026-01-14 15:42:30.807687 [info]: oop!unknow header: Origin: http://localhost:8806
2026-01-14 15:42:30.807689 [info]: Content-Type: application/x-www-form-urlencoded
2026-01-14 15:42:30.807691 [info]: oop!unknow header: Content-Type: application/x-www-form-urlencoded
2026-01-14 15:42:30.807694 [info]: Upgrade-Insecure-Requests: 1
2026-01-14 15:42:30.807696 [info]: oop!unknow header: Upgrade-Insecure-Requests: 1
2026-01-14 15:42:30.807710 [info]: User-Agent: Mozilla/5.0 (Windows NT 10.0; Win64; x64) AppleWebKit/537.36 (KHTML, like Gecko) Chrome/143.0.0.0 Safari/537.36
2026-01-14 15:42:30.807711 [info]: oop!unknow header: User-Agent: Mozilla/5.0 (Windows NT 10.0; Win64; x64) AppleWebKit/537.36 (KHTML, like Gecko) Chrome/143.0.0.0 Safari/537.36
2026-01-14 15:42:30.807713 [info]: Accept: text/html,application/xhtml+xml,application/xml;q=0.9,image/avif,image/webp,image/apng,*/*;q=0.8,application/signed-exchange;v=b3;q=0.7
2026-01-14 15:42:30.807715 [info]: oop!unknow header: Accept: text/html,application/xhtml+xml,application/xml;q=0.9,image/avif,image/webp,image/apng,*/*;q=0.8,application/signed-exchange;v=b3;q=0.7
2026-01-14 15:42:30.807716 [info]: Sec-Fetch-Site: same-origin
2026-01-14 15:42:30.807718 [info]: oop!unknow header: Sec-Fetch-Site: same-origin
2026-01-14 15:42:30.807719 [info]: Sec-Fetch-Mode: navigate
2026-01-14 15:42:30.807721 [info]: oop!unknow header: Sec-Fetch-Mode: navigate
2026-01-14 15:42:30.807722 [info]: Sec-Fetch-User: ?1
2026-01-14 15:42:30.807724 [info]: oop!unknow header: Sec-Fetch-User: ?1
2026-01-14 15:42:30.807725 [info]: Sec-Fetch-Dest: document
2026-01-14 15:42:30.807727 [info]: oop!unknow header: Sec-Fetch-Dest: document
2026-01-14 15:42:30.807728 [info]: Referer: http://localhost:8806/
2026-01-14 15:42:30.807730 [info]: oop!unknow header: Referer: http://localhost:8806/
2026-01-14 15:42:30.807731 [info]: Accept-Encoding: gzip, deflate, br, zstd
2026-01-14 15:42:30.807732 [info]: oop!unknow header: Accept-Encoding: gzip, deflate, br, zstd
2026-01-14 15:42:30.807734 [info]: Accept-Language: zh-CN,zh;q=0.9
2026-01-14 15:42:30.807735 [info]: oop!unknow header: Accept-Language: zh-CN,zh;q=0.9
2026-01-14 15:42:30.807737 [info]: 
2026-01-14 15:42:30.807752 [info]: request:HTTP/1.1 200 OK

2026-01-14 15:42:30.807754 [info]: request:HTTP/1.1 200 OK
Content-Length:725

2026-01-14 15:42:30.807756 [info]: request:HTTP/1.1 200 OK
Content-Length:725
Connection:keep-alive

2026-01-14 15:42:30.807757 [info]: request:HTTP/1.1 200 OK
Content-Length:725
Connection:keep-alive


2026-01-14 15:42:30.807935 [info]: send data to the client(127.0.0.1)
2026-01-14 15:42:30.807948 [info]: adjust timer once
2026-01-14 15:42:35.257576 [info]: timer tick
2026-01-14 15:42:40.257756 [info]: timer tick
2026-01-14 15:42:45.257915 [info]: timer tick
2026-01-14 15:42:45.258038 [info]: close fd 16
2026-01-14 15:42:45.258056 [info]: close fd 17
2026-01-14 15:42:45.883112 [info]: deal with the client(127.0.0.1)
2026-01-14 15:42:45.883172 [info]: adjust timer once
2026-01-14 15:42:45.883262 [info]: POST /2CGISQL.cgi HTTP/1.1
2026-01-14 15:42:45.883281 [info]: Host: localhost:8806
2026-01-14 15:42:45.883284 [info]: Connection: keep-alive
2026-01-14 15:42:45.883285 [info]: Content-Length: 26
2026-01-14 15:42:45.883287 [info]: Cache-Control: max-age=0
2026-01-14 15:42:45.883289 [info]: oop!unknow header: Cache-Control: max-age=0
2026-01-14 15:42:45.883290 [info]: sec-ch-ua: "Google Chrome";v="143", "Chromium";v="143", "Not A(Brand";v="24"
2026-01-14 15:42:45.883292 [info]: oop!unknow header: sec-ch-ua: "Google Chrome";v="143", "Chromium";v="143", "Not A(Brand";v="24"
2026-01-14 15:42:45.883293 [info]: sec-ch-ua-mobile: ?0
2026-01-14 15:42:45.883295 [info]: oop!unknow header: sec-ch-ua-mobile: ?0
2026-01-14 15:42:45.883296 [info]: sec-ch-ua-platform: "Windows"
2026-01-14 15:42:45.883298 [info]: oop!unknow header: sec-ch-ua-platform: "Windows"
2026-01-14 15:42:45.883299 [info]: Origin: http://localhost:8806
2026-01-14 15:42:45.883301 [info]: oop!unknow header: Origin: http://localhost:8806
2026-01-14 15:42:45.883302 [info]: Content-Type: application/x-www-form-urlencoded
2026-01-14 15:42:45.883304 [info]: oop!unknow header: Content-Type: application/x-www-form-urlencoded
2026-01-14 15:42:45.883305 [info]: Upgrade-Insecure-Requests: 1
2026-01-14 15:42:45.883307 [info]: oop!unknow header: Upgrade-Insecure-Requests: 1
2026-01-14 15:42:45.883308 [info]: User-Agent: Mozilla/5.0 (Windows NT 10.0; Win64; x64) AppleWebKit/537.36 (KHTML, like Gecko) Chrome/143.0.0.0 Safari/537.36
2026-01-14 15:42:45.883320 [info]: oop!unknow header: User-Agent: Mozilla/5.0 (Windows NT 10.0; Win64; x64) AppleWebKit/537.36 (KHTML, like Gecko) Chrome/143.0.0.0 Safari/537.36
2026-01-14 15:42:45.883322 [info]: Accept: text/html,application/xhtml+xml,application/xml;q=0.9,image/avif,image/webp,image/apng,*/*;q=0.8,application/signed-exchange;v=b3;q=0.7
2026-01-14 15:42:45.883323 [info]: oop!unknow header: Accept: text/html,application/xhtml+xml,application/xml;q=0.9,image/avif,image/webp,image/apng,*/*;q=0.8,application/signed-exchange;v=b3;q=0.7
2026-01-14 15:42:45.883325 [info]: Sec-Fetch-Site: same-origin
2026-01-14 15:42:45.883327 [info]: oop!unknow header: Sec-Fetch-Site: same-origin
2026-01-14 15:42:45.883328 [info]: Sec-Fetch-Mode: navigate
2026-01-14 15:42:45.883330 [info]: oop!unknow header: Sec-Fetch-Mode: navigate
2026-01-14 15:42:45.883331 [info]: Sec-Fetch-User: ?1
2026-01-14 15:42:45.883332 [info]: oop!unknow header: Sec-Fetch-User: ?1
2026-01-14 15:42:45.883335 [info]: Sec-Fetch-Dest: document
2026-01-14 15:42:45.883336 [info]: oop!unknow header: Sec-Fetch-Dest: document
2026-01-14 15:42:45.883338 [info]: Referer: http://localhost:8806/1
2026-01-14 15:42:45.883339 [info]: oop!unknow header: Referer: http://localhost:8806/1
2026-01-14 15:42:45.883341 [info]: Accept-Encoding: gzip, deflate, br, zstd
2026-01-14 15:42:45.883342 [info]: oop!unknow header: Accept-Encoding: gzip, deflate, br, zstd
2026-01-14 15:42:45.883343 [info]: Accept-Language: zh-CN,zh;q=0.9
2026-01-14 15:42:45.883345 [info]: oop!unknow header: Accept-Language: zh-CN,zh;q=0.9
2026-01-14 15:42:45.883346 [info]: 
2026-01-14 15:42:45.883348 [info]: user=James&password=123456
2026-01-14 15:42:45.883373 [info]: request:HTTP/1.1 200 OK

2026-01-14 15:42:45.883375 [info]: request:HTTP/1.1 200 OK
Content-Length:723

2026-01-14 15:42:45.883377 [info]: request:HTTP/1.1 200 OK
Content-Length:723
Connection:keep-alive

2026-01-14 15:42:45.883378 [info]: request:HTTP/1.1 200 OK
Content-Length:723
Connection:keep-alive


2026-01-14 15:42:45.883473 [info]: send data to the client(127.0.0.1)
2026-01-14 15:42:45.883481 [info]: adjust timer once
2026-01-14 15:42:50.258169 [info]: timer tick
2026-01-14 15:42:50.597605 [info]: deal with the client(127.0.0.1)
2026-01-14 15:42:50.597662 [info]: adjust timer once
2026-01-14 15:42:50.597778 [info]: POST /6 HTTP/1.1
2026-01-14 15:42:50.597799 [info]: Host: localhost:8806
2026-01-14 15:42:50.597801 [info]: Connection: keep-alive
2026-01-14 15:42:50.597803 [info]: Content-Length: 0
2026-01-14 15:42:50.597804 [info]: Cache-Control: max-age=0
2026-01-14 15:42:50.597806 [info]: oop!unknow header: Cache-Control: max-age=0
2026-01-14 15:42:50.597808 [info]: sec-ch-ua: "Google Chrome";v="143", "Chromium";v="143", "Not A(Brand";v="24"
2026-01-14 15:42:50.597809 [info]: oop!unknow header: sec-ch-ua: "Google Chrome";v="143", "Chromium";v="143", "Not A(Brand";v="24"
2026-01-14 15:42:50.597811 [info]: sec-ch-ua-mobile: ?0
2026-01-14 15:42:50.597812 [info]: oop!unknow header: sec-ch-ua-mobile: ?0
2026-01-14 15:42:50.597814 [info]: sec-ch-ua-platform: "Windows"
2026-01-14 15:42:50.597815 [info]: oop!unknow header: sec-ch-ua-platform: "Windows"
2026-01-14 15:42:50.597817 [info]: Origin: http://localhost:8806
2026-01-14 15:42:50.597818 [info]: oop!unknow header: Origin: http://localhost:8806
2026-01-14 15:42:50.597820 [info]: Content-Type: application/x-www-form-urlencoded
2026-01-14 15:42:50.597821 [info]: oop!unknow header: Content-Type: application/x-www-form-urlencoded
2026-01-14 15:42:50.597823 [info]: Upgrade-Insecure-Requests: 1
2026-01-14 15:42:50.597824 [info]: oop!unknow header: Upgrade-Insecure-Requests: 1
2026-01-14 15:42:50.597826 [info]: User-Agent: Mozilla/5.0 (Windows NT 10.0; Win64; x64) AppleWebKit/537.36 (KHTML, like Gecko) Chrome/143.0.0.0 Safari/537.36
2026-01-14 15:42:50.597827 [info]: oop!unknow header: User-Agent: Mozilla/5.0 (Windows NT 10.0; Win64; x64) AppleWebKit/537.36 (KHTML, like Gecko) Chrome/143.0.0.0 Safari/537.36
2026-01-14 15:42:50.597829 [info]: Accept: text/html,application/xhtml+xml,application/xml;q=0.9,image/avif,image/webp,image/apng,*/*;q=0.8,application/signed-exchange;v=b3;q=0.7
2026-01-14 15:42:50.597844 [info]: oop!unknow header: Accept: text/html,application/xhtml+xml,application/xml;q=0.9,image/avif,image/webp,image/apng,*/*;q=0.8,application/signed-exchange;v=b3;q=0.7
2026-01-14 15:42:50.597847 [info]: Sec-Fetch-Site: same-origin
2026-01-14 15:42:50.597848 [info]: oop!unknow header: Sec-Fetch-Site: same-origin
2026-01-14 15:42:50.597850 [info]: Sec-Fetch-Mode: navigate
2026-01-14 15:42:50.597851 [info]: oop!unknow header: Sec-Fetch-Mode: navigate
2026-01-14 15:42:50.597852 [info]: Sec-Fetch-User: ?1
2026-01-14 15:42:50.597854 [info]: oop!unknow header: Sec-Fetch-User: ?1
2026-01-14 15:42:50.597855 [info]: Sec-Fetch-Dest: document
2026-01-14 15:42:50.597857 [info]: oop!unknow header: Sec-Fetch-Dest: document
2026-01-14 15:42:50.597858 [info]: Referer: http://localhost:8806/2CGISQL.cgi
2026-01-14 15:42:50.597860 [info]: oop!unknow header: Referer: http://localhost:8806/2CGISQL.cgi
2026-01-14 15:42:50.597861 [info]: Accept-Encoding: gzip, deflate, br, zstd
2026-01-14 15:42:50.597863 [info]: oop!unknow header: Accept-Encoding: gzip, deflate, br, zstd
2026-01-14 15:42:50.597864 [info]: Accept-Language: zh-CN,zh;q=0.9
2026-01-14 15:42:50.597866 [info]: oop!unknow header: Accept-Language: zh-CN,zh;q=0.9
2026-01-14 15:42:50.597867 [info]: 
2026-01-14 15:42:50.597890 [info]: request:HTTP/1.1 200 OK

2026-01-14 15:42:50.597892 [info]: request:HTTP/1.1 200 OK
Content-Length:381

2026-01-14 15:42:50.597894 [info]: request:HTTP/1.1 200 OK
Content-Length:381
Connection:keep-alive

2026-01-14 15:42:50.597895 [info]: request:HTTP/1.1 200 OK
Content-Length:381
Connection:keep-alive


2026-01-14 15:42:50.597993 [info]: send data to the client(127.0.0.1)
2026-01-14 15:42:50.598004 [info]: adjust timer once
2026-01-14 15:42:50.603510 [info]: deal with the client(127.0.0.1)
2026-01-14 15:42:50.603565 [info]: adjust timer once
2026-01-14 15:42:50.603599 [info]: GET /xxx.mp4 HTTP/1.1
2026-01-14 15:42:50.603620 [info]: Host: localhost:8806
2026-01-14 15:42:50.603622 [info]: Connection: keep-alive
2026-01-14 15:42:50.603624 [info]: sec-ch-ua-platform: "Windows"
2026-01-14 15:42:50.603626 [info]: oop!unknow header: sec-ch-ua-platform: "Windows"
2026-01-14 15:42:50.603627 [info]: Accept-Encoding: identity;q=1, *;q=0
2026-01-14 15:42:50.603629 [info]: oop!unknow header: Accept-Encoding: identity;q=1, *;q=0
2026-01-14 15:42:50.603631 [info]: User-Agent: Mozilla/5.0 (Windows NT 10.0; Win64; x64) AppleWebKit/537.36 (KHTML, like Gecko) Chrome/143.0.0.0 Safari/537.36
2026-01-14 15:42:50.603632 [info]: oop!unknow header: User-Agent: Mozilla/5.0 (Windows NT 10.0; Win64; x64) AppleWebKit/537.36 (KHTML, like Gecko) Chrome/143.0.0.0 Safari/537.36
2026-01-14 15:42:50.603634 [info]: sec-ch-ua: "Google Chrome";v="143", "Chromium";v="143", "Not A(Brand";v="24"
2026-01-14 15:42:50.603635 [info]: oop!unknow header: sec-ch-ua: "Google Chrome";v="143", "Chromium";v="143", "Not A(Brand";v="24"
2026-01-14 15:42:50.603637 [info]: sec-ch-ua-mobile: ?0
2026-01-14 15:42:50.603638 [info]: oop!unknow header: sec-ch-ua-mobile: ?0
2026-01-14 15:42:50.603640 [info]: Accept: */*
2026-01-14 15:42:50.603641 [info]: oop!unknow header: Accept: */*
2026-01-14 15:42:50.603643 [info]: Sec-Fetch-Site: same-origin
2026-01-14 15:42:50.603644 [info]: oop!unknow header: Sec-Fetch-Site: same-origin
2026-01-14 15:42:50.603646 [info]: Sec-Fetch-Mode: no-cors
2026-01-14 15:42:50.603647 [info]: oop!unknow header: Sec-Fetch-Mode: no-cors
2026-01-14 15:42:50.603648 [info]: Sec-Fetch-Dest: video
2026-01-14 15:42:50.603650 [info]: oop!unknow header: Sec-Fetch-Dest: video
2026-01-14 15:42:50.603651 [info]: Referer: http://localhost:8806/6
2026-01-14 15:42:50.603653 [info]: oop!unknow header: Referer: http://localhost:8806/6
2026-01-14 15:42:50.603654 [info]: Accept-Language: zh-CN,zh;q=0.9
2026-01-14 15:42:50.603656 [info]: oop!unknow header: Accept-Language: zh-CN,zh;q=0.9
2026-01-14 15:42:50.603657 [info]: Range: bytes=0-
2026-01-14 15:42:50.603772 [info]: oop!unknow header: Range: bytes=0-
2026-01-14 15:42:50.603775 [info]: 
2026-01-14 15:42:50.603805 [info]: request:HTTP/1.1 200 OK

2026-01-14 15:42:50.603807 [info]: request:HTTP/1.1 200 OK
Content-Length:39667571

2026-01-14 15:42:50.603809 [info]: request:HTTP/1.1 200 OK
Content-Length:39667571
Connection:keep-alive

2026-01-14 15:42:50.603810 [info]: request:HTTP/1.1 200 OK
Content-Length:39667571
Connection:keep-alive


2026-01-14 15:42:50.618109 [info]: send data to the client(127.0.0.1)
2026-01-14 15:42:50.618148 [info]: adjust timer once
2026-01-14 15:42:50.634433 [info]: send data to the client(127.0.0.1)
2026-01-14 15:42:50.634470 [info]: adjust timer once
2026-01-14 15:42:50.648414 [info]: send data to the client(127.0.0.1)
2026-01-14 15:42:50.648449 [info]: adjust timer once
2026-01-14 15:42:50.664599 [info]: send data to the client(127.0.0.1)
2026-01-14 15:42:50.664635 [info]: adjust timer once
2026-01-14 15:42:50.678171 [info]: send data to the client(127.0.0.1)
2026-01-14 15:42:50.678210 [info]: adjust timer once
2026-01-14 15:42:50.681851 [info]: send data to the client(127.0.0.1)
2026-01-14 15:42:50.681878 [info]: adjust timer once
2026-01-14 15:42:50.685337 [info]: send data to the client(127.0.0.1)
2026-01-14 15:42:50.685359 [info]: adjust timer once
2026-01-14 15:42:52.753588 [info]: close fd 18
2026-01-14 15:42:53.927035 [info]: deal with the client(127.0.0.1)
2026-01-14 15:42:53.927098 [info]: adjust timer once
2026-01-14 15:42:53.927216 [info]: POST /5 HTTP/1.1
2026-01-14 15:42:53.927231 [info]: Host: localhost:8806
2026-01-14 15:42:53.927234 [info]: Connection: keep-alive
2026-01-14 15:42:53.927235 [info]: Content-Length: 0
2026-01-14 15:42:53.927237 [info]: Cache-Control: max-age=0
2026-01-14 15:42:53.927239 [info]: oop!unknow header: Cache-Control: max-age=0
2026-01-14 15:42:53.927241 [info]: sec-ch-ua: "Google Chrome";v="143", "Chromium";v="143", "Not A(Brand";v="24"
2026-01-14 15:42:53.927242 [info]: oop!unknow header: sec-ch-ua: "Google Chrome";v="143", "Chromium";v="143", "Not A(Brand";v="24"
2026-01-14 15:42:53.927244 [info]: sec-ch-ua-mobile: ?0
2026-01-14 15:42:53.927246 [info]: oop!unknow header: sec-ch-ua-mobile: ?0
2026-01-14 15:42:53.927247 [info]: sec-ch-ua-platform: "Windows"
2026-01-14 15:42:53.927249 [info]: oop!unknow header: sec-ch-ua-platform: "Windows"
2026-01-14 15:42:53.927250 [info]: Origin: http://localhost:8806
2026-01-14 15:42:53.927252 [info]: oop!unknow header: Origin: http://localhost:8806
2026-01-14 15:42:53.927253 [info]: Content-Type: application/x-www-form-urlencoded
2026-01-14 15:42:53.927255 [info]: oop!unknow header: Content-Type: application/x-www-form-urlencoded
2026-01-14 15:42:53.927256 [info]: Upgrade-Insecure-Requests: 1
2026-01-14 15:42:53.927258 [info]: oop!unknow header: Upgrade-Insecure-Requests: 1
2026-01-14 15:42:53.927259 [info]: User-Agent: Mozilla/5.0 (Windows NT 10.0; Win64; x64) AppleWebKit/537.36 (KHTML, like Gecko) Chrome/143.0.0.0 Safari/537.36
2026-01-14 15:42:53.927261 [info]: oop!unknow header: User-Agent: Mozilla/5.0 (Windows NT 10.0; Win64; x64) AppleWebKit/537.36 (KHTML, like Gecko) Chrome/143.0.0.0 Safari/537.36
2026-01-14 15:42:53.927262 [info]: Accept: text/html,application/xhtml+xml,application/xml;q=0.9,image/avif,image/webp,image/apng,*/*;q=0.8,application/signed-exchange;v=b3;q=0.7
2026-01-14 15:42:53.927264 [info]: oop!unknow header: Accept: text/html,application/xhtml+xml,application/xml;q=0.9,image/avif,image/webp,image/apng,*/*;q=0.8,application/signed-exchange;v=b3;q=0.7
2026-01-14 15:42:53.927266 [info]: Sec-Fetch-Site: same-origin
2026-01-14 15:42:53.927268 [info]: oop!unknow header: Sec-Fetch-Site: same-origin
2026-01-14 15:42:53.927269 [info]: Sec-Fetch-Mode: navigate
2026-01-14 15:42:53.927271 [info]: oop!unknow header: Sec-Fetch-Mode: navigate
2026-01-14 15:42:53.927272 [info]: Sec-Fetch-User: ?1
2026-01-14 15:42:53.927274 [info]: oop!unknow header: Sec-Fetch-User: ?1
2026-01-14 15:42:53.927275 [info]: Sec-Fetch-Dest: document
2026-01-14 15:42:53.927277 [info]: oop!unknow header: Sec-Fetch-Dest: document
2026-01-14 15:42:53.927331 [info]: Referer: http://localhost:8806/2CGISQL.cgi
2026-01-14 15:42:53.927334 [info]: oop!unknow header: Referer: http://localhost:8806/2CGISQL.cgi
2026-01-14 15:42:53.927336 [info]: Accept-Encoding: gzip, deflate, br, zstd
2026-01-14 15:42:53.927337 [info]: oop!unknow header: Accept-Encoding: gzip, deflate, br, zstd
2026-01-14 15:42:53.927339 [info]: Accept-Language: zh-CN,zh;q=0.9
2026-01-14 15:42:53.927340 [info]: oop!unknow header: Accept-Language: zh-CN,zh;q=0.9
2026-01-14 15:42:53.927342 [info]: 
2026-01-14 15:42:53.927371 [info]: request:HTTP/1.1 200 OK

2026-01-14 15:42:53.927374 [info]: request:HTTP/1.1 200 OK
Content-Length:360

2026-01-14 15:42:53.927375 [info]: request:HTTP/1.1 200 OK
Content-Length:360
Connection:keep-alive

2026-01-14 15:42:53.927377 [info]: request:HTTP/1.1 200 OK
Content-Length:360
Connection:keep-alive


2026-01-14 15:42:53.927529 [info]: send data to the client(127.0.0.1)
2026-01-14 15:42:53.927539 [info]: adjust timer once
2026-01-14 15:42:53.931030 [info]: deal with the client(127.0.0.1)
2026-01-14 15:42:53.931085 [info]: adjust timer once
2026-01-14 15:42:53.931100 [info]: GET /xxx.jpg HTTP/1.1
2026-01-14 15:42:53.931118 [info]: Host: localhost:8806
2026-01-14 15:42:53.931120 [info]: Connection: keep-alive
2026-01-14 15:42:53.931122 [info]: sec-ch-ua-platform: "Windows"
2026-01-14 15:42:53.931124 [info]: oop!unknow header: sec-ch-ua-platform: "Windows"
2026-01-14 15:42:53.931126 [info]: User-Agent: Mozilla/5.0 (Windows NT 10.0; Win64; x64) AppleWebKit/537.36 (KHTML, like Gecko) Chrome/143.0.0.0 Safari/537.36
2026-01-14 15:42:53.931127 [info]: oop!unknow header: User-Agent: Mozilla/5.0 (Windows NT 10.0; Win64; x64) AppleWebKit/537.36 (KHTML, like Gecko) Chrome/143.0.0.0 Safari/537.36
2026-01-14 15:42:53.931129 [info]: sec-ch-ua: "Google Chrome";v="143", "Chromium";v="143", "Not A(Brand";v="24"
2026-01-14 15:42:53.931131 [info]: oop!unknow header: sec-ch-ua: "Google Chrome";v="143", "Chromium";v="143", "Not A(Brand";v="24"
2026-01-14 15:42:53.931132 [info]: sec-ch-ua-mobile: ?0
2026-01-14 15:42:53.931133 [info]: oop!unknow header: sec-ch-ua-mobile: ?0
2026-01-14 15:42:53.931135 [info]: Accept: image/avif,image/webp,image/apng,image/svg+xml,image/*,*/*;q=0.8
2026-01-14 15:42:53.931137 [info]: oop!unknow header: Accept: image/avif,image/webp,image/apng,image/svg+xml,image/*,*/*;q=0.8
2026-01-14 15:42:53.931138 [info]: Sec-Fetch-Site: same-origin
2026-01-14 15:42:53.931140 [info]: oop!unknow header: Sec-Fetch-Site: same-origin
2026-01-14 15:42:53.931141 [info]: Sec-Fetch-Mode: no-cors
2026-01-14 15:42:53.931142 [info]: oop!unknow header: Sec-Fetch-Mode: no-cors
2026-01-14 15:42:53.931144 [info]: Sec-Fetch-Dest: image
2026-01-14 15:42:53.931145 [info]: oop!unknow header: Sec-Fetch-Dest: image
2026-01-14 15:42:53.931147 [info]: Referer: http://localhost:8806/5
2026-01-14 15:42:53.931148 [info]: oop!unknow header: Referer: http://localhost:8806/5
2026-01-14 15:42:53.931150 [info]: Accept-Encoding: gzip, deflate, br, zstd
2026-01-14 15:42:53.931151 [info]: oop!unknow header: Accept-Encoding: gzip, deflate, br, zstd
2026-01-14 15:42:53.931153 [info]: Accept-Language: zh-CN,zh;q=0.9
2026-01-14 15:42:53.931155 [info]: oop!unknow header: Accept-Language: zh-CN,zh;q=0.9
2026-01-14 15:42:53.931156 [info]: 
2026-01-14 15:42:53.931180 [info]: request:HTTP/1.1 200 OK

2026-01-14 15:42:53.931182 [info]: request:HTTP/1.1 200 OK
Content-Length:6007312

2026-01-14 15:42:53.931184 [info]: request:HTTP/1.1 200 OK
Content-Length:6007312
Connection:keep-alive

2026-01-14 15:42:53.931186 [info]: request:HTTP/1.1 200 OK
Content-Length:6007312
Connection:keep-alive


2026-01-14 15:42:53.940236 [info]: send data to the client(127.0.0.1)
2026-01-14 15:42:53.940287 [info]: adjust timer once
2026-01-14 15:42:55.258440 [info]: timer tick
2026-01-14 15:43:00.258685 [info]: timer tick
2026-01-14 15:43:05.258869 [info]: timer tick
2026-01-14 15:43:10.259034 [info]: timer tick
2026-01-14 15:43:10.259109 [info]: close fd 16
2026-01-14 15:43:10.259165 [info]: close fd 17
